wandb: Currently logged in as: muhang-tian. Use `wandb login --relogin` to force relogin
wandb: Tracking run with wandb version 0.13.7
wandb: Run data is saved locally in ./wandb/run-20230103_015354-2ey5fseq
wandb: Run `wandb offline` to turn off syncing.
wandb: Syncing run EfficientDetD6
wandb: ⭐️ View project at https://wandb.ai/muhang-tian/EffDet%20%28tf_efficientdet_d6%20backbone%29
wandb: 🚀 View run at https://wandb.ai/muhang-tian/EffDet%20%28tf_efficientdet_d6%20backbone%29/runs/2ey5fseq
{'name': 'tf_efficientdet_d6', 'backbone_name': 'tf_efficientnet_b6', 'backbone_args': {'drop_path_rate': 0.2}, 'backbone_indices': None, 'image_size': [1280, 1280], 'num_classes': 2, 'min_level': 3, 'max_level': 7, 'num_levels': 5, 'num_scales': 3, 'aspect_ratios': [[1.0, 1.0], [1.4, 0.7], [0.7, 1.4]], 'anchor_scale': 4.0, 'pad_type': 'same', 'act_type': 'swish', 'norm_layer': None, 'norm_kwargs': {'eps': 0.001, 'momentum': 0.01}, 'box_class_repeats': 5, 'fpn_cell_repeats': 8, 'fpn_channels': 384, 'separable_conv': True, 'apply_resample_bn': True, 'conv_bn_relu_pattern': False, 'downsample_type': 'max', 'upsample_type': 'nearest', 'redundant_bias': True, 'head_bn_level_first': False, 'head_act_type': None, 'fpn_name': 'bifpn_sum', 'fpn_config': None, 'fpn_drop_path_rate': 0.0, 'alpha': 0.25, 'gamma': 1.5, 'label_smoothing': 0.0, 'legacy_focal': False, 'jit_loss': False, 'delta': 0.1, 'box_loss_weight': 50.0, 'soft_nms': False, 'max_detection_points': 5000, 'max_det_per_image': 100, 'url': 'https://github.com/rwightman/efficientdet-pytorch/releases/download/v0.1/tf_efficientdet_d6_52-4eda3773.pth'}
GPU available: True (cuda), used: True
TPU available: False, using: 0 TPU cores
IPU available: False, using: 0 IPUs
HPU available: False, using: 0 HPUs
`Trainer(val_check_interval=1)` was configured so validation will run after every batch.
Initializing distributed: GLOBAL_RANK: 0, MEMBER: 1/1
----------------------------------------------------------------------------------------------------
distributed_backend=nccl
All distributed processes registered. Starting with 1 processes
----------------------------------------------------------------------------------------------------

LOCAL_RANK: 0 - CUDA_VISIBLE_DEVICES: [0,1,2,3]

  | Name  | Type          | Params
----------------------------------------
0 | model | DetBenchTrain | 51.6 M
----------------------------------------
51.6 M    Trainable params
0         Non-trainable params
51.6 M    Total params
206.267   Total estimated model params size (MB)
SLURM auto-requeueing enabled. Setting signal handlers.
/home/users/mt361/miniconda3/envs/covid-cv/lib/python3.9/site-packages/torch/utils/data/dataloader.py:554: UserWarning: This DataLoader will create 4 worker processes in total. Our suggested max number of worker in current system is 2, which is smaller than what this DataLoader is going to create. Please be aware that excessive worker creation might get DataLoader running slow or even freeze, lower the worker number to avoid potential slowness/freeze if necessary.
  warnings.warn(_create_warning_msg(
/home/users/mt361/miniconda3/envs/covid-cv/lib/python3.9/site-packages/pytorch_lightning/utilities/data.py:85: UserWarning: Trying to infer the `batch_size` from an ambiguous collection. The batch size we found is 10. To avoid any miscalculations, use `self.log(..., batch_size=batch_size)`.
  warning_cache.warn(
/home/users/mt361/miniconda3/envs/covid-cv/lib/python3.9/site-packages/pytorch_lightning/trainer/connectors/logger_connector/result.py:233: UserWarning: You called `self.log('Average Precision', ...)` in your `validation_epoch_end` but the value needs to be floating point. Converting it to torch.float32.
  warning_cache.warn(
/home/users/mt361/miniconda3/envs/covid-cv/lib/python3.9/site-packages/pytorch_lightning/trainer/connectors/logger_connector/result.py:233: UserWarning: You called `self.log('Average Recall', ...)` in your `validation_epoch_end` but the value needs to be floating point. Converting it to torch.float32.
  warning_cache.warn(
/home/users/mt361/miniconda3/envs/covid-cv/lib/python3.9/site-packages/pytorch_lightning/trainer/connectors/logger_connector/result.py:537: PossibleUserWarning: It is recommended to use `self.log('Validation Loss', ..., sync_dist=True)` when logging on epoch level in distributed setting to accumulate the metric across devices.
  warning_cache.warn(
/home/users/mt361/miniconda3/envs/covid-cv/lib/python3.9/site-packages/pytorch_lightning/trainer/connectors/logger_connector/result.py:537: PossibleUserWarning: It is recommended to use `self.log('Validation Classification Loss', ..., sync_dist=True)` when logging on epoch level in distributed setting to accumulate the metric across devices.
  warning_cache.warn(
/home/users/mt361/miniconda3/envs/covid-cv/lib/python3.9/site-packages/pytorch_lightning/trainer/connectors/logger_connector/result.py:537: PossibleUserWarning: It is recommended to use `self.log('Validation Localization Loss', ..., sync_dist=True)` when logging on epoch level in distributed setting to accumulate the metric across devices.
  warning_cache.warn(
/home/users/mt361/miniconda3/envs/covid-cv/lib/python3.9/site-packages/pytorch_lightning/trainer/connectors/logger_connector/result.py:537: PossibleUserWarning: It is recommended to use `self.log('Average Precision', ..., sync_dist=True)` when logging on epoch level in distributed setting to accumulate the metric across devices.
  warning_cache.warn(
/home/users/mt361/miniconda3/envs/covid-cv/lib/python3.9/site-packages/pytorch_lightning/trainer/connectors/logger_connector/result.py:537: PossibleUserWarning: It is recommended to use `self.log('Average Recall', ..., sync_dist=True)` when logging on epoch level in distributed setting to accumulate the metric across devices.
  warning_cache.warn(
Traceback (most recent call last):
  File "/home/users/mt361/COVID-Classification/run.py", line 68, in <module>
    train(config, args.wandb)
  File "/home/users/mt361/COVID-Classification/run.py", line 55, in train
    trainer.fit(model, datamodule=module)
  File "/home/users/mt361/miniconda3/envs/covid-cv/lib/python3.9/site-packages/pytorch_lightning/trainer/trainer.py", line 603, in fit
    call._call_and_handle_interrupt(
  File "/home/users/mt361/miniconda3/envs/covid-cv/lib/python3.9/site-packages/pytorch_lightning/trainer/call.py", line 38, in _call_and_handle_interrupt
    return trainer_fn(*args, **kwargs)
  File "/home/users/mt361/miniconda3/envs/covid-cv/lib/python3.9/site-packages/pytorch_lightning/trainer/trainer.py", line 645, in _fit_impl
    self._run(model, ckpt_path=self.ckpt_path)
  File "/home/users/mt361/miniconda3/envs/covid-cv/lib/python3.9/site-packages/pytorch_lightning/trainer/trainer.py", line 1098, in _run
    results = self._run_stage()
  File "/home/users/mt361/miniconda3/envs/covid-cv/lib/python3.9/site-packages/pytorch_lightning/trainer/trainer.py", line 1177, in _run_stage
    self._run_train()
  File "/home/users/mt361/miniconda3/envs/covid-cv/lib/python3.9/site-packages/pytorch_lightning/trainer/trainer.py", line 1200, in _run_train
    self.fit_loop.run()
  File "/home/users/mt361/miniconda3/envs/covid-cv/lib/python3.9/site-packages/pytorch_lightning/loops/loop.py", line 199, in run
    self.advance(*args, **kwargs)
  File "/home/users/mt361/miniconda3/envs/covid-cv/lib/python3.9/site-packages/pytorch_lightning/loops/fit_loop.py", line 267, in advance
    self._outputs = self.epoch_loop.run(self._data_fetcher)
  File "/home/users/mt361/miniconda3/envs/covid-cv/lib/python3.9/site-packages/pytorch_lightning/loops/loop.py", line 199, in run
    self.advance(*args, **kwargs)
  File "/home/users/mt361/miniconda3/envs/covid-cv/lib/python3.9/site-packages/pytorch_lightning/loops/epoch/training_epoch_loop.py", line 214, in advance
    batch_output = self.batch_loop.run(kwargs)
  File "/home/users/mt361/miniconda3/envs/covid-cv/lib/python3.9/site-packages/pytorch_lightning/loops/loop.py", line 199, in run
    self.advance(*args, **kwargs)
  File "/home/users/mt361/miniconda3/envs/covid-cv/lib/python3.9/site-packages/pytorch_lightning/loops/batch/training_batch_loop.py", line 88, in advance
    outputs = self.optimizer_loop.run(optimizers, kwargs)
  File "/home/users/mt361/miniconda3/envs/covid-cv/lib/python3.9/site-packages/pytorch_lightning/loops/loop.py", line 199, in run
    self.advance(*args, **kwargs)
  File "/home/users/mt361/miniconda3/envs/covid-cv/lib/python3.9/site-packages/pytorch_lightning/loops/optimization/optimizer_loop.py", line 200, in advance
    result = self._run_optimization(kwargs, self._optimizers[self.optim_progress.optimizer_position])
  File "/home/users/mt361/miniconda3/envs/covid-cv/lib/python3.9/site-packages/pytorch_lightning/loops/optimization/optimizer_loop.py", line 247, in _run_optimization
    self._optimizer_step(optimizer, opt_idx, kwargs.get("batch_idx", 0), closure)
  File "/home/users/mt361/miniconda3/envs/covid-cv/lib/python3.9/site-packages/pytorch_lightning/loops/optimization/optimizer_loop.py", line 357, in _optimizer_step
    self.trainer._call_lightning_module_hook(
  File "/home/users/mt361/miniconda3/envs/covid-cv/lib/python3.9/site-packages/pytorch_lightning/trainer/trainer.py", line 1342, in _call_lightning_module_hook
    output = fn(*args, **kwargs)
  File "/home/users/mt361/miniconda3/envs/covid-cv/lib/python3.9/site-packages/pytorch_lightning/core/module.py", line 1661, in optimizer_step
    optimizer.step(closure=optimizer_closure)
  File "/home/users/mt361/miniconda3/envs/covid-cv/lib/python3.9/site-packages/pytorch_lightning/core/optimizer.py", line 169, in step
    step_output = self._strategy.optimizer_step(self._optimizer, self._optimizer_idx, closure, **kwargs)
  File "/home/users/mt361/miniconda3/envs/covid-cv/lib/python3.9/site-packages/pytorch_lightning/strategies/ddp.py", line 281, in optimizer_step
    optimizer_output = super().optimizer_step(optimizer, opt_idx, closure, model, **kwargs)
  File "/home/users/mt361/miniconda3/envs/covid-cv/lib/python3.9/site-packages/pytorch_lightning/strategies/strategy.py", line 234, in optimizer_step
    return self.precision_plugin.optimizer_step(
  File "/home/users/mt361/miniconda3/envs/covid-cv/lib/python3.9/site-packages/pytorch_lightning/plugins/precision/precision_plugin.py", line 121, in optimizer_step
    return optimizer.step(closure=closure, **kwargs)
  File "/home/users/mt361/miniconda3/envs/covid-cv/lib/python3.9/site-packages/torch/optim/optimizer.py", line 140, in wrapper
    out = func(*args, **kwargs)
  File "/home/users/mt361/miniconda3/envs/covid-cv/lib/python3.9/site-packages/torch/autograd/grad_mode.py", line 27, in decorate_context
    return func(*args, **kwargs)
  File "/home/users/mt361/miniconda3/envs/covid-cv/lib/python3.9/site-packages/torch/optim/adamw.py", line 120, in step
    loss = closure()
  File "/home/users/mt361/miniconda3/envs/covid-cv/lib/python3.9/site-packages/pytorch_lightning/plugins/precision/precision_plugin.py", line 107, in _wrap_closure
    closure_result = closure()
  File "/home/users/mt361/miniconda3/envs/covid-cv/lib/python3.9/site-packages/pytorch_lightning/loops/optimization/optimizer_loop.py", line 147, in __call__
    self._result = self.closure(*args, **kwargs)
  File "/home/users/mt361/miniconda3/envs/covid-cv/lib/python3.9/site-packages/pytorch_lightning/loops/optimization/optimizer_loop.py", line 133, in closure
    step_output = self._step_fn()
  File "/home/users/mt361/miniconda3/envs/covid-cv/lib/python3.9/site-packages/pytorch_lightning/loops/optimization/optimizer_loop.py", line 406, in _training_step
    training_step_output = self.trainer._call_strategy_hook("training_step", *kwargs.values())
  File "/home/users/mt361/miniconda3/envs/covid-cv/lib/python3.9/site-packages/pytorch_lightning/trainer/trainer.py", line 1480, in _call_strategy_hook
    output = fn(*args, **kwargs)
  File "/home/users/mt361/miniconda3/envs/covid-cv/lib/python3.9/site-packages/pytorch_lightning/strategies/ddp.py", line 352, in training_step
    return self.model(*args, **kwargs)
  File "/home/users/mt361/miniconda3/envs/covid-cv/lib/python3.9/site-packages/torch/nn/modules/module.py", line 1194, in _call_impl
    return forward_call(*input, **kwargs)
  File "/home/users/mt361/miniconda3/envs/covid-cv/lib/python3.9/site-packages/torch/nn/parallel/distributed.py", line 1040, in forward
    output = self._run_ddp_forward(*inputs, **kwargs)
  File "/home/users/mt361/miniconda3/envs/covid-cv/lib/python3.9/site-packages/torch/nn/parallel/distributed.py", line 1000, in _run_ddp_forward
    return module_to_run(*inputs[0], **kwargs[0])
  File "/home/users/mt361/miniconda3/envs/covid-cv/lib/python3.9/site-packages/torch/nn/modules/module.py", line 1194, in _call_impl
    return forward_call(*input, **kwargs)
  File "/home/users/mt361/miniconda3/envs/covid-cv/lib/python3.9/site-packages/pytorch_lightning/overrides/base.py", line 98, in forward
    output = self._forward_module.training_step(*inputs, **kwargs)
  File "/home/users/mt361/COVID-Classification/models/EfficientDet.py", line 145, in training_step
    losses = self.model(images, annotations)
  File "/home/users/mt361/miniconda3/envs/covid-cv/lib/python3.9/site-packages/torch/nn/modules/module.py", line 1194, in _call_impl
    return forward_call(*input, **kwargs)
  File "/home/users/mt361/COVID-Classification/effdet/bench.py", line 133, in forward
    class_out, box_out = self.model(x)
  File "/home/users/mt361/miniconda3/envs/covid-cv/lib/python3.9/site-packages/torch/nn/modules/module.py", line 1194, in _call_impl
    return forward_call(*input, **kwargs)
  File "/home/users/mt361/COVID-Classification/effdet/efficientdet.py", line 602, in forward
    x = self.backbone(x)
  File "/home/users/mt361/miniconda3/envs/covid-cv/lib/python3.9/site-packages/torch/nn/modules/module.py", line 1194, in _call_impl
    return forward_call(*input, **kwargs)
  File "/home/users/mt361/miniconda3/envs/covid-cv/lib/python3.9/site-packages/timm/models/efficientnet.py", line 611, in forward
    x = b(x)
  File "/home/users/mt361/miniconda3/envs/covid-cv/lib/python3.9/site-packages/torch/nn/modules/module.py", line 1194, in _call_impl
    return forward_call(*input, **kwargs)
  File "/home/users/mt361/miniconda3/envs/covid-cv/lib/python3.9/site-packages/torch/nn/modules/container.py", line 204, in forward
    input = module(input)
  File "/home/users/mt361/miniconda3/envs/covid-cv/lib/python3.9/site-packages/torch/nn/modules/module.py", line 1194, in _call_impl
    return forward_call(*input, **kwargs)
  File "/home/users/mt361/miniconda3/envs/covid-cv/lib/python3.9/site-packages/timm/models/efficientnet_blocks.py", line 182, in forward
    x = self.bn1(x)
  File "/home/users/mt361/miniconda3/envs/covid-cv/lib/python3.9/site-packages/torch/nn/modules/module.py", line 1194, in _call_impl
    return forward_call(*input, **kwargs)
  File "/home/users/mt361/miniconda3/envs/covid-cv/lib/python3.9/site-packages/timm/models/layers/norm_act.py", line 112, in forward
    x = self.act(x)
  File "/home/users/mt361/miniconda3/envs/covid-cv/lib/python3.9/site-packages/torch/nn/modules/module.py", line 1194, in _call_impl
    return forward_call(*input, **kwargs)
  File "/home/users/mt361/miniconda3/envs/covid-cv/lib/python3.9/site-packages/torch/nn/modules/activation.py", line 395, in forward
    return F.silu(input, inplace=self.inplace)
  File "/home/users/mt361/miniconda3/envs/covid-cv/lib/python3.9/site-packages/torch/nn/functional.py", line 2058, in silu
    return torch._C._nn.silu_(input)
torch.cuda.OutOfMemoryError: CUDA out of memory. Tried to allocate 2.93 GiB (GPU 0; 23.69 GiB total capacity; 19.44 GiB already allocated; 2.34 GiB free; 19.96 GiB reserved in total by PyTorch) If reserved memory is >> allocated memory try setting max_split_size_mb to avoid fragmentation.  See documentation for Memory Management and PYTORCH_CUDA_ALLOC_CONF
wandb: Waiting for W&B process to finish... (failed 1). Press Control-C to abort syncing.
wandb: - 0.006 MB of 0.006 MB uploaded (0.000 MB deduped)wandb: \ 0.028 MB of 0.028 MB uploaded (0.000 MB deduped)wandb: Synced EfficientDetD6: https://wandb.ai/muhang-tian/EffDet%20%28tf_efficientdet_d6%20backbone%29/runs/2ey5fseq
wandb: Synced 6 W&B file(s), 0 media file(s), 0 artifact file(s) and 0 other file(s)
wandb: Find logs at: ./wandb/run-20230103_015354-2ey5fseq/logs
Sanity Checking: 0it [00:00, ?it/s]Sanity Checking:   0%|          | 0/2 [00:00<?, ?it/s]Sanity Checking DataLoader 0:   0%|          | 0/2 [00:00<?, ?it/s]Sanity Checking DataLoader 0:  50%|█████     | 1/2 [00:05<00:05,  5.12s/it]Sanity Checking DataLoader 0: 100%|██████████| 2/2 [00:07<00:00,  3.62s/it]                                                                           Training: 0it [00:00, ?it/s]Training:   0%|          | 0/330 [00:00<?, ?it/s]Epoch 0:   0%|          | 0/330 [00:00<?, ?it/s] srun: error: linux44: task 0: Exited with exit code 1
