wandb: Currently logged in as: muhang-tian. Use `wandb login --relogin` to force relogin
wandb: Tracking run with wandb version 0.13.7
wandb: Run data is saved locally in ./wandb/run-20230102_193119-1qe2yee9
wandb: Run `wandb offline` to turn off syncing.
wandb: Syncing run First Trial
wandb: ⭐️ View project at https://wandb.ai/muhang-tian/EffDet%20%28tl_efficientnetv2_l%20backbone%29
wandb: 🚀 View run at https://wandb.ai/muhang-tian/EffDet%20%28tl_efficientnetv2_l%20backbone%29/runs/1qe2yee9
Model created, config:
{'name': 'tf_efficientnetv2_l', 'backbone_name': 'tf_efficientnetv2_l', 'backbone_args': {'drop_path_rate': 0.2}, 'backbone_indices': None, 'image_size': [512, 512], 'num_classes': 2, 'min_level': 3, 'max_level': 7, 'num_levels': 5, 'num_scales': 3, 'aspect_ratios': [[1.0, 1.0], [1.4, 0.7], [0.7, 1.4]], 'anchor_scale': 4.0, 'pad_type': 'same', 'act_type': 'swish', 'norm_layer': None, 'norm_kwargs': {'eps': 0.001, 'momentum': 0.01}, 'box_class_repeats': 3, 'fpn_cell_repeats': 3, 'fpn_channels': 88, 'separable_conv': True, 'apply_resample_bn': True, 'conv_bn_relu_pattern': False, 'downsample_type': 'max', 'upsample_type': 'nearest', 'redundant_bias': True, 'head_bn_level_first': False, 'head_act_type': None, 'fpn_name': None, 'fpn_config': None, 'fpn_drop_path_rate': 0.0, 'alpha': 0.25, 'gamma': 1.5, 'label_smoothing': 0.0, 'legacy_focal': False, 'jit_loss': False, 'delta': 0.1, 'box_loss_weight': 50.0, 'soft_nms': False, 'max_detection_points': 5000, 'max_det_per_image': 100, 'url': ''}
GPU available: True (cuda), used: True
TPU available: False, using: 0 TPU cores
IPU available: False, using: 0 IPUs
HPU available: False, using: 0 HPUs
Initializing distributed: GLOBAL_RANK: 0, MEMBER: 1/1
----------------------------------------------------------------------------------------------------
distributed_backend=nccl
All distributed processes registered. Starting with 1 processes
----------------------------------------------------------------------------------------------------

LOCAL_RANK: 0 - CUDA_VISIBLE_DEVICES: [0,1,2,3]

  | Name  | Type          | Params
----------------------------------------
0 | model | DetBenchTrain | 116 M 
----------------------------------------
116 M     Trainable params
0         Non-trainable params
116 M     Total params
467.622   Total estimated model params size (MB)
SLURM auto-requeueing enabled. Setting signal handlers.
/home/users/mt361/miniconda3/envs/covid-cv/lib/python3.9/site-packages/torch/utils/data/dataloader.py:554: UserWarning: This DataLoader will create 4 worker processes in total. Our suggested max number of worker in current system is 2, which is smaller than what this DataLoader is going to create. Please be aware that excessive worker creation might get DataLoader running slow or even freeze, lower the worker number to avoid potential slowness/freeze if necessary.
  warnings.warn(_create_warning_msg(
/home/users/mt361/miniconda3/envs/covid-cv/lib/python3.9/site-packages/pytorch_lightning/utilities/data.py:85: UserWarning: Trying to infer the `batch_size` from an ambiguous collection. The batch size we found is 7. To avoid any miscalculations, use `self.log(..., batch_size=batch_size)`.
  warning_cache.warn(
Sanity Checking: 0it [00:00, ?it/s]Sanity Checking:   0%|          | 0/2 [00:00<?, ?it/s]Sanity Checking DataLoader 0:   0%|          | 0/2 [00:00<?, ?it/s]Sanity Checking DataLoader 0:  50%|█████     | 1/2 [00:02<00:02,  2.41s/it]Sanity Checking DataLoader 0: 100%|██████████| 2/2 [00:03<00:00,  1.85s/it]creating index...
index created!
Loading and preparing results...
DONE (t=0.00s)
creating index...
index created!
Running per image evaluation...
Evaluate annotation type *bbox*
DONE (t=0.01s).
Accumulating evaluation results...
DONE (t=0.01s).
 Average Precision  (AP) @[ IoU=0.50:0.95 | area=   all | maxDets=100 ] = 0.000
 Average Precision  (AP) @[ IoU=0.50      | area=   all | maxDets=100 ] = 0.000
 Average Precision  (AP) @[ IoU=0.75      | area=   all | maxDets=100 ] = 0.000
 Average Precision  (AP) @[ IoU=0.50:0.95 | area= small | maxDets=100 ] = -1.000
 Average Precision  (AP) @[ IoU=0.50:0.95 | area=medium | maxDets=100 ] = 0.000
 Average Precision  (AP) @[ IoU=0.50:0.95 | area= large | maxDets=100 ] = 0.000
 Average Recall     (AR) @[ IoU=0.50:0.95 | area=   all | maxDets=  1 ] = 0.000
 Average Recall     (AR) @[ IoU=0.50:0.95 | area=   all | maxDets= 10 ] = 0.000
 Average Recall     (AR) @[ IoU=0.50:0.95 | area=   all | maxDets=100 ] = 0.000
 Average Recall     (AR) @[ IoU=0.50:0.95 | area= small | maxDets=100 ] = -1.000
 Average Recall     (AR) @[ IoU=0.50:0.95 | area=medium | maxDets=100 ] = 0.000
 Average Recall     (AR) @[ IoU=0.50:0.95 | area= large | maxDets=100 ] = 0.000
/home/users/mt361/miniconda3/envs/covid-cv/lib/python3.9/site-packages/pytorch_lightning/trainer/connectors/logger_connector/result.py:537: PossibleUserWarning: It is recommended to use `self.log('Validation Loss', ..., sync_dist=True)` when logging on epoch level in distributed setting to accumulate the metric across devices.
  warning_cache.warn(
/home/users/mt361/miniconda3/envs/covid-cv/lib/python3.9/site-packages/pytorch_lightning/trainer/connectors/logger_connector/result.py:537: PossibleUserWarning: It is recommended to use `self.log('Validation Classification Loss', ..., sync_dist=True)` when logging on epoch level in distributed setting to accumulate the metric across devices.
  warning_cache.warn(
/home/users/mt361/miniconda3/envs/covid-cv/lib/python3.9/site-packages/pytorch_lightning/trainer/connectors/logger_connector/result.py:537: PossibleUserWarning: It is recommended to use `self.log('Validation Localization Loss', ..., sync_dist=True)` when logging on epoch level in distributed setting to accumulate the metric across devices.
  warning_cache.warn(
/home/users/mt361/miniconda3/envs/covid-cv/lib/python3.9/site-packages/pytorch_lightning/trainer/connectors/logger_connector/result.py:537: PossibleUserWarning: It is recommended to use `self.log('Average Precision', ..., sync_dist=True)` when logging on epoch level in distributed setting to accumulate the metric across devices.
  warning_cache.warn(
/home/users/mt361/miniconda3/envs/covid-cv/lib/python3.9/site-packages/pytorch_lightning/trainer/connectors/logger_connector/result.py:537: PossibleUserWarning: It is recommended to use `self.log('Average Recall', ..., sync_dist=True)` when logging on epoch level in distributed setting to accumulate the metric across devices.
  warning_cache.warn(
Traceback (most recent call last):
  File "/home/users/mt361/COVID-Classification/run.py", line 58, in <module>
    train(config, args.wandb, args.name)
  File "/home/users/mt361/COVID-Classification/run.py", line 44, in train
    trainer.fit(model, datamodule=module)
  File "/home/users/mt361/miniconda3/envs/covid-cv/lib/python3.9/site-packages/pytorch_lightning/trainer/trainer.py", line 603, in fit
    call._call_and_handle_interrupt(
  File "/home/users/mt361/miniconda3/envs/covid-cv/lib/python3.9/site-packages/pytorch_lightning/trainer/call.py", line 38, in _call_and_handle_interrupt
    return trainer_fn(*args, **kwargs)
  File "/home/users/mt361/miniconda3/envs/covid-cv/lib/python3.9/site-packages/pytorch_lightning/trainer/trainer.py", line 645, in _fit_impl
    self._run(model, ckpt_path=self.ckpt_path)
  File "/home/users/mt361/miniconda3/envs/covid-cv/lib/python3.9/site-packages/pytorch_lightning/trainer/trainer.py", line 1098, in _run
    results = self._run_stage()
  File "/home/users/mt361/miniconda3/envs/covid-cv/lib/python3.9/site-packages/pytorch_lightning/trainer/trainer.py", line 1177, in _run_stage
    self._run_train()
  File "/home/users/mt361/miniconda3/envs/covid-cv/lib/python3.9/site-packages/pytorch_lightning/trainer/trainer.py", line 1200, in _run_train
    self.fit_loop.run()
  File "/home/users/mt361/miniconda3/envs/covid-cv/lib/python3.9/site-packages/pytorch_lightning/loops/loop.py", line 194, in run
    self.on_run_start(*args, **kwargs)
  File "/home/users/mt361/miniconda3/envs/covid-cv/lib/python3.9/site-packages/pytorch_lightning/loops/fit_loop.py", line 206, in on_run_start
    self.trainer.reset_train_dataloader(self.trainer.lightning_module)
  File "/home/users/mt361/miniconda3/envs/covid-cv/lib/python3.9/site-packages/pytorch_lightning/trainer/trainer.py", line 1574, in reset_train_dataloader
    raise ValueError(
ValueError: `val_check_interval` (100) must be less than or equal to the number of the training batches (32). If you want to disable validation set `limit_val_batches` to 0.0 instead.If you want to validate based on the total training batches, set `check_val_every_n_epoch=None`.
wandb: Waiting for W&B process to finish... (failed 1). Press Control-C to abort syncing.
wandb: Synced First Trial: https://wandb.ai/muhang-tian/EffDet%20%28tl_efficientnetv2_l%20backbone%29/runs/1qe2yee9
wandb: Synced 6 W&B file(s), 0 media file(s), 0 artifact file(s) and 0 other file(s)
wandb: Find logs at: ./wandb/run-20230102_193119-1qe2yee9/logs
                                                                           srun: error: linux44: task 0: Exited with exit code 1
